
5월 16, 2016 09:45:30.14 NEW SESSION
5월 16, 2016 09:45:30.14 1463359530140	addons.update-checker	WARN	Update manifest for firefox@getpocket.com did not contain an updates property
5월 16, 2016 09:45:30.25 1463359530256	addons.update-checker	WARN	Update manifest for e10srollout@mozilla.org did not contain an updates property
5월 16, 2016 09:45:30.35 1463359530357	addons.update-checker	WARN	Update manifest for {972ce4c6-7e08-4474-a285-3208198ce6fd} did not contain an updates property

5월 17, 2016 10:04:32.60 NEW SESSION
5월 17, 2016 10:04:32.60 1463447072597	addons.update-checker	WARN	Update manifest for e10srollout@mozilla.org did not contain an updates property
5월 17, 2016 10:04:32.75 1463447072751	addons.update-checker	WARN	Update manifest for {972ce4c6-7e08-4474-a285-3208198ce6fd} did not contain an updates property
5월 17, 2016 10:04:32.85 1463447072842	addons.update-checker	WARN	Update manifest for firefox@getpocket.com did not contain an updates property

5월 18, 2016 11:01:03.09 NEW SESSION
5월 18, 2016 11:01:03.09 1463536863092	addons.update-checker	WARN	Update manifest for e10srollout@mozilla.org did not contain an updates property
5월 18, 2016 11:01:03.23 1463536863238	addons.update-checker	WARN	Update manifest for {972ce4c6-7e08-4474-a285-3208198ce6fd} did not contain an updates property
5월 18, 2016 11:01:03.34 1463536863340	addons.update-checker	WARN	Update manifest for firefox@getpocket.com did not contain an updates property

5월 19, 2016 11:03:03.00 NEW SESSION
5월 19, 2016 11:03:03.00 1463623383002	addons.update-checker	WARN	Update manifest for e10srollout@mozilla.org did not contain an updates property
5월 19, 2016 11:03:03.08 1463623383081	addons.update-checker	WARN	Update manifest for firefox@getpocket.com did not contain an updates property
5월 19, 2016 11:03:03.18 1463623383170	addons.update-checker	WARN	Update manifest for {972ce4c6-7e08-4474-a285-3208198ce6fd} did not contain an updates property

5월 20, 2016 11:05:21.99 NEW SESSION
5월 20, 2016 11:05:21.99 1463709921994	addons.update-checker	WARN	Update manifest for firefox@getpocket.com did not contain an updates property
5월 20, 2016 11:05:22.14 1463709922139	addons.update-checker	WARN	Update manifest for e10srollout@mozilla.org did not contain an updates property
5월 20, 2016 11:05:22.31 1463709922319	addons.update-checker	WARN	Update manifest for {972ce4c6-7e08-4474-a285-3208198ce6fd} did not contain an updates property

5월 23, 2016 10:22:29.29 NEW SESSION
5월 23, 2016 10:22:29.29 1463966549257	addons.update-checker	WARN	Update manifest for e10srollout@mozilla.org did not contain an updates property
5월 23, 2016 10:22:29.47 1463966549465	addons.update-checker	WARN	Update manifest for firefox@getpocket.com did not contain an updates property
5월 23, 2016 10:22:29.54 1463966549536	addons.update-checker	WARN	Update manifest for {972ce4c6-7e08-4474-a285-3208198ce6fd} did not contain an updates property
5월 23, 2016 10:55:03.93 Performance warning: Async animation disabled because frame size (230, 1046) is bigger than the viewport (1537, 828) or the visual rectangle (230, 1046) is larger than the max allowable value (17895698) [aside]

5월 26, 2016 10:34:20.97 NEW SESSION
5월 26, 2016 10:34:20.97 1464226460963	addons.update-checker	WARN	Update manifest for e10srollout@mozilla.org did not contain an updates property
5월 26, 2016 10:34:21.13 1464226461123	addons.update-checker	WARN	Update manifest for {972ce4c6-7e08-4474-a285-3208198ce6fd} did not contain an updates property
5월 26, 2016 10:34:21.20 1464226461201	addons.update-checker	WARN	Update manifest for firefox@getpocket.com did not contain an updates property
5월 26, 2016 11:32:05.17 Performance warning: Async animation disabled because frame size (230, 1399) is bigger than the viewport (1537, 828) or the visual rectangle (230, 1399) is larger than the max allowable value (17895698) [aside]
5월 26, 2016 11:32:16.70 Performance warning: Async animation disabled because frame size (230, 1097) is bigger than the viewport (865, 810) or the visual rectangle (230, 1097) is larger than the max allowable value (17895698) [aside]
